➜  Federated-Autoencoders git:(main) ✗ python client.py --dataset=fmnist --classes "Trouser" "Pullover" "Dress" "Coat" "Sandal" "Shirt" "Sneaker" "Bag" "Ankle boot" --epochs=15 --type server --latent_size 128
Generating FashionMNIST DataLoader with classes: ['Trouser', 'Pullover', 'Dress', 'Coat', 'Sandal', 'Shirt', 'Sneaker', 'Bag', 'Ankle boot']
Generating FashionMNIST DataLoader with classes: ['Trouser', 'Pullover', 'Dress', 'Coat', 'Sandal', 'Shirt', 'Sneaker', 'Bag', 'Ankle boot']
INFO flower 2022-04-28 00:50:09,757 | app.py:109 | Flower server running (3 rounds)
SSL is disabled
INFO flower 2022-04-28 00:50:09,757 | server.py:128 | Initializing global parameters
INFO flower 2022-04-28 00:50:09,757 | server.py:327 | Requesting initial parameters from one random client
INFO flower 2022-04-28 00:50:19,377 | server.py:330 | Received initial parameters from one random client
INFO flower 2022-04-28 00:50:19,377 | server.py:130 | Evaluating initial parameters
INFO flower 2022-04-28 00:50:21,581 | server.py:133 | initial parameters (loss, other metrics): 0.0057053635828197, {}
INFO flower 2022-04-28 00:50:21,581 | server.py:143 | FL starting
DEBUG flower 2022-04-28 00:50:21,582 | server.py:265 | fit_round: strategy sampled 9 clients (out of 9)
DEBUG flower 2022-04-28 00:52:01,651 | server.py:277 | fit_round received 9 results and 0 failures
INFO flower 2022-04-28 00:52:03,814 | server.py:158 | fit progress: (1, 0.004574746824800968, {}, 102.23294762500001)
INFO flower 2022-04-28 00:52:03,814 | server.py:209 | evaluate_round: no clients selected, cancel
DEBUG flower 2022-04-28 00:52:03,814 | server.py:265 | fit_round: strategy sampled 9 clients (out of 9)
DEBUG flower 2022-04-28 00:53:43,837 | server.py:277 | fit_round received 9 results and 0 failures
INFO flower 2022-04-28 00:53:46,013 | server.py:158 | fit progress: (2, 0.003878004616126418, {}, 204.432105458)
INFO flower 2022-04-28 00:53:46,013 | server.py:209 | evaluate_round: no clients selected, cancel
DEBUG flower 2022-04-28 00:53:46,013 | server.py:265 | fit_round: strategy sampled 9 clients (out of 9)
DEBUG flower 2022-04-28 00:55:26,883 | server.py:277 | fit_round received 9 results and 0 failures
INFO flower 2022-04-28 00:55:29,026 | server.py:158 | fit progress: (3, 0.003696643514558673, {}, 307.445787458)
INFO flower 2022-04-28 00:55:29,026 | server.py:209 | evaluate_round: no clients selected, cancel
INFO flower 2022-04-28 00:55:29,026 | server.py:182 | FL finished in 307.44593975
INFO flower 2022-04-28 00:55:29,027 | app.py:149 | app_fit: losses_distributed []
INFO flower 2022-04-28 00:55:29,027 | app.py:150 | app_fit: metrics_distributed {}
INFO flower 2022-04-28 00:55:29,027 | app.py:151 | app_fit: losses_centralized [(0, 0.0057053635828197), (1, 0.004574746824800968), (2, 0.003878004616126418), (3, 0.003696643514558673)]


python client.py --dataset=fmnist --epochs=15 --type client --latent_size 128 --classes "Trouser" & python client.py --dataset=fmnist --epochs=15 --type client --latent_size 128 --classes "Pullover" & python client.py --dataset=fmnist --epochs=15 --type client --latent_size 128 --classes "Dress" & python client.py --dataset=fmnist --epochs=15 --type client --latent_size 128 --classes "Coat" & python client.py --dataset=fmnist --epochs=15 --type client --latent_size 128 --classes "Sandal" &  python client.py --dataset=fmnist --epochs=15 --type client --latent_size 128 --classes "Shirt" &  python client.py --dataset=fmnist --epochs=15 --type client --latent_size 128 --classes "Sneaker" &  python client.py --dataset=fmnist --epochs=15 --type client --latent_size 128 --classes "Bag" & python client.py --dataset=fmnist --epochs=15 --type client --latent_size 128 --classes "Ankle boot"