gtsrb Bumpyroad 0.0024099955
cifar10 ship 0.0032246825
fmnist Ankle boot 0.0023052972
gtsrb Speedlimit(20kmh) 0.00793702
gtsrb Yield 0.0028475411
fmnist Sneaker 0.0016592733
gtsrb Noentry 0.002872824
gtsrb Aheadonly 0.004078183
cifar10 car 0.0039811176
fmnist Coat 0.0022233056
cifar10 cat 0.0035631836
cifar10 truck 0.0040974035
fmnist Bag 0.0030446234
cifar10 bird 0.0031377678
fmnist Pullover 0.0023677456
gtsrb Roadwork 0.003605131
gtsrb Pedestrians 0.0058960393
gtsrb Nopassing 0.0025888986
fmnist Sandal 0.0028587854
fmnist Dress 0.002018672
cifar10 frog 0.0027827504
cifar10 deer 0.0026882708
cifar10 horse 0.003879686
cifar10 dog 0.0038318664
gtsrb Keepright 0.0031021885
fmnist Shirt 0.0022550495
gtsrb Stop 0.0049377847
fmnist Trouser 0.0016252106
cifar10 plane 0.0032517156